E:\NUS-research\transoral robot\demonstration_insertion\demo\demo\Debug\cl.command.1.tlog
E:\NUS-research\transoral robot\demonstration_insertion\demo\demo\Debug\CL.read.1.tlog
E:\NUS-research\transoral robot\demonstration_insertion\demo\demo\Debug\CL.write.1.tlog
E:\NUS-research\transoral robot\demonstration_insertion\demo\demo\Debug\custombuild.command.1.tlog
E:\NUS-research\transoral robot\demonstration_insertion\demo\demo\Debug\custombuild.read.1.tlog
E:\NUS-research\transoral robot\demonstration_insertion\demo\demo\Debug\custombuild.write.1.tlog
E:\NUS-RESEARCH\TRANSORAL ROBOT\DEMONSTRATION_INSERTION\DEMO\DEMO\DEBUG\DEMO.EXE.INTERMEDIATE.MANIFEST
E:\NUS-RESEARCH\TRANSORAL ROBOT\DEMONSTRATION_INSERTION\DEMO\DEMO\DEBUG\DEMO.OBJ
E:\NUS-RESEARCH\TRANSORAL ROBOT\DEMONSTRATION_INSERTION\DEMO\DEMO\DEBUG\EMTREAD.OBJ
E:\NUS-RESEARCH\TRANSORAL ROBOT\DEMONSTRATION_INSERTION\DEMO\DEMO\DEBUG\HAPTICCONTROL.OBJ
E:\NUS-RESEARCH\TRANSORAL ROBOT\DEMONSTRATION_INSERTION\DEMO\DEMO\DEBUG\HIGHRESOLUTIONTIMER.OBJ
E:\NUS-research\transoral robot\demonstration_insertion\demo\demo\Debug\link.command.1.tlog
E:\NUS-research\transoral robot\demonstration_insertion\demo\demo\Debug\link.read.1.tlog
E:\NUS-research\transoral robot\demonstration_insertion\demo\demo\Debug\link.write.1.tlog
E:\NUS-RESEARCH\TRANSORAL ROBOT\DEMONSTRATION_INSERTION\DEMO\DEMO\DEBUG\MAIN.OBJ
E:\NUS-RESEARCH\TRANSORAL ROBOT\DEMONSTRATION_INSERTION\DEMO\DEMO\DEBUG\MOC_DEMO.OBJ
E:\NUS-RESEARCH\TRANSORAL ROBOT\DEMONSTRATION_INSERTION\DEMO\DEMO\DEBUG\MOC_EMTREAD.OBJ
E:\NUS-RESEARCH\TRANSORAL ROBOT\DEMONSTRATION_INSERTION\DEMO\DEMO\DEBUG\MOC_HAPTICCONTROL.OBJ
E:\NUS-RESEARCH\TRANSORAL ROBOT\DEMONSTRATION_INSERTION\DEMO\DEMO\DEBUG\MOC_MOTORCONTROL.OBJ
E:\NUS-RESEARCH\TRANSORAL ROBOT\DEMONSTRATION_INSERTION\DEMO\DEMO\DEBUG\MOC_QEXTSERIALBASE.OBJ
E:\NUS-RESEARCH\TRANSORAL ROBOT\DEMONSTRATION_INSERTION\DEMO\DEMO\DEBUG\MOC_QEXTSERIALPORT.OBJ
E:\NUS-RESEARCH\TRANSORAL ROBOT\DEMONSTRATION_INSERTION\DEMO\DEMO\DEBUG\MOC_STORETHREAD.OBJ
E:\NUS-RESEARCH\TRANSORAL ROBOT\DEMONSTRATION_INSERTION\DEMO\DEMO\DEBUG\MOC_WIN_QEXTSERIALPORT.OBJ
E:\NUS-RESEARCH\TRANSORAL ROBOT\DEMONSTRATION_INSERTION\DEMO\DEMO\DEBUG\MOTORCONTROL.OBJ
E:\NUS-research\transoral robot\demonstration_insertion\demo\demo\Debug\mt.command.1.tlog
E:\NUS-research\transoral robot\demonstration_insertion\demo\demo\Debug\mt.read.1.tlog
E:\NUS-research\transoral robot\demonstration_insertion\demo\demo\Debug\mt.write.1.tlog
E:\NUS-RESEARCH\TRANSORAL ROBOT\DEMONSTRATION_INSERTION\DEMO\DEMO\DEBUG\QEXTSERIALBASE.OBJ
E:\NUS-RESEARCH\TRANSORAL ROBOT\DEMONSTRATION_INSERTION\DEMO\DEMO\DEBUG\QEXTSERIALPORT.OBJ
E:\NUS-RESEARCH\TRANSORAL ROBOT\DEMONSTRATION_INSERTION\DEMO\DEMO\DEBUG\QRC_DEMO.OBJ
E:\NUS-RESEARCH\TRANSORAL ROBOT\DEMONSTRATION_INSERTION\DEMO\DEMO\DEBUG\SAMPLE.OBJ
E:\NUS-RESEARCH\TRANSORAL ROBOT\DEMONSTRATION_INSERTION\DEMO\DEMO\DEBUG\STORETHREAD.OBJ
E:\NUS-RESEARCH\TRANSORAL ROBOT\DEMONSTRATION_INSERTION\DEMO\DEMO\DEBUG\VC100.PDB
E:\NUS-RESEARCH\TRANSORAL ROBOT\DEMONSTRATION_INSERTION\DEMO\DEMO\DEBUG\WIN_QEXTSERIALPORT.OBJ
E:\NUS-RESEARCH\TRANSORAL ROBOT\DEMONSTRATION_INSERTION\DEMO\DEMO\GENERATEDFILES\DEBUG\MOC_DEMO.CPP
E:\NUS-RESEARCH\TRANSORAL ROBOT\DEMONSTRATION_INSERTION\DEMO\DEMO\GENERATEDFILES\DEBUG\MOC_EMTREAD.CPP
E:\NUS-RESEARCH\TRANSORAL ROBOT\DEMONSTRATION_INSERTION\DEMO\DEMO\GENERATEDFILES\DEBUG\MOC_HAPTICCONTROL.CPP
E:\NUS-RESEARCH\TRANSORAL ROBOT\DEMONSTRATION_INSERTION\DEMO\DEMO\GENERATEDFILES\DEBUG\MOC_MOTORCONTROL.CPP
E:\NUS-RESEARCH\TRANSORAL ROBOT\DEMONSTRATION_INSERTION\DEMO\DEMO\GENERATEDFILES\DEBUG\MOC_QEXTSERIALBASE.CPP
E:\NUS-RESEARCH\TRANSORAL ROBOT\DEMONSTRATION_INSERTION\DEMO\DEMO\GENERATEDFILES\DEBUG\MOC_QEXTSERIALPORT.CPP
E:\NUS-RESEARCH\TRANSORAL ROBOT\DEMONSTRATION_INSERTION\DEMO\DEMO\GENERATEDFILES\DEBUG\MOC_STORETHREAD.CPP
E:\NUS-RESEARCH\TRANSORAL ROBOT\DEMONSTRATION_INSERTION\DEMO\DEMO\GENERATEDFILES\DEBUG\MOC_WIN_QEXTSERIALPORT.CPP
E:\NUS-RESEARCH\TRANSORAL ROBOT\DEMONSTRATION_INSERTION\DEMO\DEMO\GENERATEDFILES\QRC_DEMO.CPP
E:\NUS-RESEARCH\TRANSORAL ROBOT\DEMONSTRATION_INSERTION\DEMO\DEMO\GENERATEDFILES\UI_DEMO.H
E:\NUS-RESEARCH\TRANSORAL ROBOT\DEMONSTRATION_INSERTION\DEMO\WIN32\DEBUG\DEMO.EXE
E:\NUS-RESEARCH\TRANSORAL ROBOT\DEMONSTRATION_INSERTION\DEMO\WIN32\DEBUG\DEMO.ILK
E:\NUS-RESEARCH\TRANSORAL ROBOT\DEMONSTRATION_INSERTION\DEMO\WIN32\DEBUG\DEMO.PDB
